app/build/intermediates/manifest_merge_blame_file/debug/manifest-merger-blame-debug-report.txt
1<?xml version="1.0" encoding="utf-8"?>
2<manifest xmlns:android="http://schemas.android.com/apk/res/android"
3    package="com.digital.prova2"
4    android:versionCode="1"
5    android:versionName="1.0" >
6
7    <uses-sdk
8        android:minSdkVersion="23"
8-->src/main/AndroidManifest.xml
9        android:targetSdkVersion="29" />
9-->src/main/AndroidManifest.xml
10
11    <uses-permission android:name="android.permission.INTERNET" />
11-->src/main/AndroidManifest.xml:6:5-67
11-->src/main/AndroidManifest.xml:6:22-64
12
13    <application
13-->src/main/AndroidManifest.xml:8:5-28:19
14        android:allowBackup="true"
14-->src/main/AndroidManifest.xml:9:9-35
15        android:appComponentFactory="androidx.core.app.CoreComponentFactory"
15-->[androidx.core:core:1.1.0] AndroidManifest.xml:24:18-86
16        android:debuggable="true"
17        android:extractNativeLibs="false"
18        android:fullBackupContent="@xml/backup_descriptor"
18-->src/main/AndroidManifest.xml:10:9-59
19        android:icon="@mipmap/ic_launcher"
19-->src/main/AndroidManifest.xml:11:9-43
20        android:label="@string/app_name"
20-->src/main/AndroidManifest.xml:12:9-41
21        android:roundIcon="@mipmap/ic_launcher_round"
21-->src/main/AndroidManifest.xml:13:9-54
22        android:supportsRtl="true"
22-->src/main/AndroidManifest.xml:14:9-35
23        android:testOnly="true"
24        android:theme="@style/AppTheme"
24-->src/main/AndroidManifest.xml:15:9-40
25        android:usesCleartextTraffic="true" >
25-->src/main/AndroidManifest.xml:16:9-44
26        <activity android:name="com.digital.prova.ListDetailActivity" />
26-->src/main/AndroidManifest.xml:18:5-69
26-->src/main/AndroidManifest.xml:18:15-66
27        <activity android:name="com.digital.prova.MainActivity" >
27-->src/main/AndroidManifest.xml:20:5-26:16
27-->src/main/AndroidManifest.xml:20:15-60
28            <intent-filter>
28-->src/main/AndroidManifest.xml:21:9-25:25
29                <action android:name="android.intent.action.MAIN" />
29-->src/main/AndroidManifest.xml:22:13-65
29-->src/main/AndroidManifest.xml:22:21-62
30
31                <category android:name="android.intent.category.LAUNCHER" />
31-->src/main/AndroidManifest.xml:24:13-73
31-->src/main/AndroidManifest.xml:24:23-70
32            </intent-filter>
33        </activity>
34    </application>
35
36</manifest>